<?xml version="1.0" encoding="UTF-8"?>
<!-- Generated by org.testng.reporters.JUnitReportReporter -->
<testsuite hostname="SSINGH" name="com.demo.POM.factory.test.ExampleTest" tests="2" failures="0" timestamp="19 Nov 2015 13:34:34 GMT" time="16.537" errors="0">
  <testcase name="isLogoDisplayedTest" time="10.696" classname="com.demo.POM.factory.test.ExampleTest"/>
  <testcase name="clickQuestionsTest" time="5.841" classname="com.demo.POM.factory.test.ExampleTest"/>
</testsuite> <!-- com.demo.POM.factory.test.ExampleTest -->
